<?xml version="1.0" encoding="UTF-8"?>
<!-- Generated by org.testng.reporters.JUnitReportReporter -->
<testsuite skipped="0" hostname="JR-ACER" name="Test.AddCategoryTest" tests="1" failures="0" timestamp="2020-09-18T12:09:57 CDT" time="7.448" errors="0">
  <testcase name="UserAbleToAddCategory" time="7.448" classname="Test.AddCategoryTest"/>
  <system-out/>
</testsuite> <!-- Test.AddCategoryTest -->
