<?xml version="1.0" encoding="UTF-8"?>
<!-- Generated by org.testng.reporters.JUnitReportReporter -->
<testsuite skipped="0" hostname="JR-ACER" name="Test.ValidateDuplicateCategoryTest" tests="1" failures="0" timestamp="2020-09-17T11:23:41 CDT" time="7.823" errors="0">
  <testcase name="ValidateDuplicateCategoryMessage" time="7.823" classname="Test.ValidateDuplicateCategoryTest"/>
  <system-out/>
</testsuite> <!-- Test.ValidateDuplicateCategoryTest -->
