<?xml version="1.0" encoding="UTF-8"?>
<!-- Generated by org.testng.reporters.JUnitReportReporter -->
<testsuite skipped="0" hostname="JR-ACER" name="Test.ValidateDuplicateMessageTest" tests="1" failures="0" timestamp="2020-09-18T11:56:05 CDT" time="7.596" errors="0">
  <testcase name="ValidateDuplicateMessage" time="7.596" classname="Test.ValidateDuplicateMessageTest"/>
  <system-out/>
</testsuite> <!-- Test.ValidateDuplicateMessageTest -->
