<?xml version="1.0" encoding="UTF-8"?>
<!-- Generated by org.testng.reporters.JUnitReportReporter -->
<testsuite skipped="0" hostname="JR-ACER" name="Test.DuplicateCategoryTest" tests="1" failures="0" timestamp="2020-08-30T20:49:40 CDT" time="5.381" errors="0">
  <testcase name="UserShoubAbleToAddCategory" time="5.381" classname="Test.DuplicateCategoryTest"/>
  <system-out/>
</testsuite> <!-- Test.DuplicateCategoryTest -->
