<?xml version="1.0" encoding="UTF-8"?>
<!-- Generated by org.testng.reporters.JUnitReportReporter -->
<testsuite skipped="0" hostname="JR-ACER" name="Test.DuplicateCategoryTest" tests="1" failures="0" timestamp="2020-09-18T12:08:28 CDT" time="7.552" errors="0">
  <testcase name="UserShouldBeAbleToAddCategory" time="7.552" classname="Test.DuplicateCategoryTest"/>
  <system-out/>
</testsuite> <!-- Test.DuplicateCategoryTest -->
