<?xml version="1.0" encoding="UTF-8"?>
<!-- Generated by org.testng.reporters.JUnitReportReporter -->
<testsuite skipped="0" hostname="JR-ACER" name="Test.MonthDropDownTest" tests="1" failures="0" timestamp="2020-09-18T12:05:43 CDT" time="6.845" errors="0">
  <testcase name="MonthDropDownList" time="6.845" classname="Test.MonthDropDownTest"/>
  <system-out/>
</testsuite> <!-- Test.MonthDropDownTest -->
