<?xml version="1.0" encoding="UTF-8"?>
<!-- Generated by org.testng.reporters.JUnitReportReporter -->
<testsuite skipped="0" hostname="JR-ACER" name="Test.LaunchBrowserTest" tests="1" failures="0" timestamp="2020-09-18T12:07:37 CDT" time="6.676" errors="0">
  <testcase name="OpenBrowser" time="6.676" classname="Test.LaunchBrowserTest"/>
  <system-out/>
</testsuite> <!-- Test.LaunchBrowserTest -->
