<?xml version="1.0" encoding="UTF-8"?>
<!-- Generated by org.testng.reporters.JUnitReportReporter -->
<testsuite skipped="0" hostname="JR-ACER" name="Test.LaunchBrowserTest" tests="1" failures="0" timestamp="28 Aug 2020 03:08:49 GMT" time="4.347" errors="0">
  <testcase name="OpenBrowser" time="4.347" classname="Test.LaunchBrowserTest"/>
</testsuite> <!-- Test.LaunchBrowserTest -->
